2024-10-25 10:13:45 INFO  o.h.jpa.internal.util.LogHelper - HHH000204: Processing PersistenceUnitInfo [name: TestGameDev]
2024-10-25 10:13:45 INFO  org.hibernate.Version - HHH000412: Hibernate ORM core version 5.6.1.Final
2024-10-25 10:13:45 INFO  o.h.annotations.common.Version - HCANN000001: Hibernate Commons Annotations {5.1.2.Final}
2024-10-25 10:13:45 INFO  org.hibernate.dialect.Dialect - HHH000400: Using dialect: org.hibernate.dialect.H2Dialect
2024-10-25 10:13:46 INFO  o.h.validator.internal.util.Version - HV000001: Hibernate Validator 6.2.0.Final
2024-10-25 10:13:46 INFO  o.h.e.t.j.p.i.JtaPlatformInitiator - HHH000490: Using JtaPlatform implementation: [org.hibernate.engine.transaction.jta.platform.internal.NoJtaPlatform]
2024-10-25 10:13:46 INFO  o.s.o.j.LocalContainerEntityManagerFactoryBean - Initialized JPA EntityManagerFactory for persistence unit 'TestGameDev'
2024-10-25 10:13:46 INFO  com.gameDev.dao.impl.TeamDaoImpl - Using in-memory database for testing.
2024-10-25 10:13:46 INFO  c.g.service.impl.TeamServiceImpl - Creating team: Team B
2024-10-25 10:13:46 INFO  o.h.jpa.internal.util.LogHelper - HHH000204: Processing PersistenceUnitInfo [name: TestGameDev]
2024-10-25 10:13:46 WARN  o.hibernate.orm.connections.pooling - HHH10001002: Using Hibernate built-in connection pool (not for production use!)
2024-10-25 10:13:46 INFO  o.hibernate.orm.connections.pooling - HHH10001005: using driver [org.h2.Driver] at URL [jdbc:h2:mem:testdb;DB_CLOSE_DELAY=-1]
2024-10-25 10:13:46 INFO  o.hibernate.orm.connections.pooling - HHH10001001: Connection properties: {user=sa, password=****}
2024-10-25 10:13:46 INFO  o.hibernate.orm.connections.pooling - HHH10001003: Autocommit mode: false
2024-10-25 10:13:46 INFO  o.h.e.j.c.i.DriverManagerConnectionProviderImpl - HHH000115: Hibernate connection pool size: 20 (min=1)
2024-10-25 10:13:46 INFO  org.hibernate.dialect.Dialect - HHH000400: Using dialect: org.hibernate.dialect.H2Dialect
2024-10-25 10:13:46 INFO  o.hibernate.orm.connections.access - HHH10001501: Connection obtained from JdbcConnectionAccess [org.hibernate.engine.jdbc.env.internal.JdbcEnvironmentInitiator$ConnectionProviderJdbcConnectionAccess@7c781c42] for (non-JTA) DDL execution was not in auto-commit mode; the Connection 'local transaction' will be committed and the Connection will be set into auto-commit mode.
2024-10-25 10:13:46 INFO  o.hibernate.orm.connections.access - HHH10001501: Connection obtained from JdbcConnectionAccess [org.hibernate.engine.jdbc.env.internal.JdbcEnvironmentInitiator$ConnectionProviderJdbcConnectionAccess@6bccd036] for (non-JTA) DDL execution was not in auto-commit mode; the Connection 'local transaction' will be committed and the Connection will be set into auto-commit mode.
2024-10-25 10:13:46 INFO  o.h.e.t.j.p.i.JtaPlatformInitiator - HHH000490: Using JtaPlatform implementation: [org.hibernate.engine.transaction.jta.platform.internal.NoJtaPlatform]
2024-10-25 10:13:47 INFO  com.gameDev.dao.impl.TeamDaoImpl - Team saved: Team B
2024-10-25 10:13:47 INFO  c.g.service.impl.TeamServiceImpl - Creating team: Team C
2024-10-25 10:13:47 INFO  com.gameDev.dao.impl.TeamDaoImpl - Team saved: Team C
2024-10-25 10:13:47 INFO  c.g.service.impl.TeamServiceImpl - Fetching all teams
2024-10-25 10:13:47 INFO  com.gameDev.dao.impl.TeamDaoImpl - Retrieved 2 teams from the database
2024-10-25 10:13:47 INFO  o.h.jpa.internal.util.LogHelper - HHH000204: Processing PersistenceUnitInfo [name: TestGameDev]
2024-10-25 10:13:47 INFO  org.hibernate.dialect.Dialect - HHH000400: Using dialect: org.hibernate.dialect.H2Dialect
2024-10-25 10:13:47 INFO  o.h.e.t.j.p.i.JtaPlatformInitiator - HHH000490: Using JtaPlatform implementation: [org.hibernate.engine.transaction.jta.platform.internal.NoJtaPlatform]
2024-10-25 10:13:47 INFO  o.s.o.j.LocalContainerEntityManagerFactoryBean - Initialized JPA EntityManagerFactory for persistence unit 'TestGameDev'
2024-10-25 10:13:47 INFO  com.gameDev.dao.impl.TeamDaoImpl - Using in-memory database for testing.
2024-10-25 10:13:47 INFO  c.g.service.impl.TeamServiceImpl - Creating team: Team D
2024-10-25 10:13:47 INFO  com.gameDev.dao.impl.TeamDaoImpl - Team saved: Team D
2024-10-25 10:13:47 INFO  c.g.service.impl.TeamServiceImpl - Updating team: Updated Team D
2024-10-25 10:13:47 INFO  com.gameDev.dao.impl.TeamDaoImpl - Team updated: Updated Team D
2024-10-25 10:13:47 INFO  c.g.service.impl.TeamServiceImpl - Fetching team with ID: 1
2024-10-25 10:13:47 INFO  com.gameDev.dao.impl.TeamDaoImpl - Retrieved team with ID: 1
2024-10-25 10:13:47 INFO  o.h.jpa.internal.util.LogHelper - HHH000204: Processing PersistenceUnitInfo [name: TestGameDev]
2024-10-25 10:13:47 INFO  org.hibernate.dialect.Dialect - HHH000400: Using dialect: org.hibernate.dialect.H2Dialect
2024-10-25 10:13:47 INFO  o.h.e.t.j.p.i.JtaPlatformInitiator - HHH000490: Using JtaPlatform implementation: [org.hibernate.engine.transaction.jta.platform.internal.NoJtaPlatform]
2024-10-25 10:13:47 INFO  o.s.o.j.LocalContainerEntityManagerFactoryBean - Initialized JPA EntityManagerFactory for persistence unit 'TestGameDev'
2024-10-25 10:13:47 INFO  com.gameDev.dao.impl.TeamDaoImpl - Using in-memory database for testing.
2024-10-25 10:13:47 INFO  c.g.service.impl.TeamServiceImpl - Creating team: Team A
2024-10-25 10:13:47 INFO  com.gameDev.dao.impl.TeamDaoImpl - Team saved: Team A
2024-10-25 10:13:47 INFO  c.g.service.impl.TeamServiceImpl - Fetching team with ID: 1
2024-10-25 10:13:47 INFO  com.gameDev.dao.impl.TeamDaoImpl - Retrieved team with ID: 1
2024-10-25 10:13:47 INFO  o.h.jpa.internal.util.LogHelper - HHH000204: Processing PersistenceUnitInfo [name: TestGameDev]
2024-10-25 10:13:47 INFO  org.hibernate.dialect.Dialect - HHH000400: Using dialect: org.hibernate.dialect.H2Dialect
2024-10-25 10:13:47 INFO  o.h.e.t.j.p.i.JtaPlatformInitiator - HHH000490: Using JtaPlatform implementation: [org.hibernate.engine.transaction.jta.platform.internal.NoJtaPlatform]
2024-10-25 10:13:47 INFO  o.s.o.j.LocalContainerEntityManagerFactoryBean - Initialized JPA EntityManagerFactory for persistence unit 'TestGameDev'
2024-10-25 10:13:47 INFO  com.gameDev.dao.impl.TeamDaoImpl - Using in-memory database for testing.
2024-10-25 10:13:47 INFO  c.g.service.impl.TeamServiceImpl - Creating team: Team E
2024-10-25 10:13:47 INFO  com.gameDev.dao.impl.TeamDaoImpl - Team saved: Team E
2024-10-25 10:13:47 INFO  c.g.service.impl.TeamServiceImpl - Deleting team with ID: 1
2024-10-25 10:13:47 INFO  com.gameDev.dao.impl.TeamDaoImpl - Team deleted with ID: 1
2024-10-25 10:13:47 INFO  c.g.service.impl.TeamServiceImpl - Fetching team with ID: 1
2024-10-25 10:13:47 INFO  com.gameDev.dao.impl.TeamDaoImpl - Retrieved team with ID: 1
2024-10-25 10:13:47 INFO  o.h.jpa.internal.util.LogHelper - HHH000204: Processing PersistenceUnitInfo [name: TestGameDev]
2024-10-25 10:13:47 INFO  org.hibernate.dialect.Dialect - HHH000400: Using dialect: org.hibernate.dialect.H2Dialect
2024-10-25 10:13:47 INFO  o.h.e.t.j.p.i.JtaPlatformInitiator - HHH000490: Using JtaPlatform implementation: [org.hibernate.engine.transaction.jta.platform.internal.NoJtaPlatform]
2024-10-25 10:13:47 INFO  o.s.o.j.LocalContainerEntityManagerFactoryBean - Initialized JPA EntityManagerFactory for persistence unit 'TestGameDev'
2024-10-25 10:13:47 INFO  com.gameDev.dao.impl.GameDaoImpl - Using in-memory database for testing.
2024-10-25 10:13:47 INFO  c.g.service.impl.GameServiceImpl - Creating game: Game 3
2024-10-25 10:13:47 INFO  com.gameDev.dao.impl.GameDaoImpl - Game saved: Game 3
2024-10-25 10:13:47 INFO  c.g.service.impl.GameServiceImpl - Creating game: Game 4
2024-10-25 10:13:47 INFO  com.gameDev.dao.impl.GameDaoImpl - Game saved: Game 4
2024-10-25 10:13:47 INFO  c.g.service.impl.GameServiceImpl - Finding all games
2024-10-25 10:13:47 INFO  com.gameDev.dao.impl.GameDaoImpl - Retrieved 2 games from the database
2024-10-25 10:13:47 INFO  o.h.jpa.internal.util.LogHelper - HHH000204: Processing PersistenceUnitInfo [name: TestGameDev]
2024-10-25 10:13:47 INFO  org.hibernate.dialect.Dialect - HHH000400: Using dialect: org.hibernate.dialect.H2Dialect
2024-10-25 10:13:47 INFO  o.h.e.t.j.p.i.JtaPlatformInitiator - HHH000490: Using JtaPlatform implementation: [org.hibernate.engine.transaction.jta.platform.internal.NoJtaPlatform]
2024-10-25 10:13:47 INFO  o.s.o.j.LocalContainerEntityManagerFactoryBean - Initialized JPA EntityManagerFactory for persistence unit 'TestGameDev'
2024-10-25 10:13:47 INFO  com.gameDev.dao.impl.GameDaoImpl - Using in-memory database for testing.
2024-10-25 10:13:47 INFO  c.g.service.impl.GameServiceImpl - Creating game: New Game
2024-10-25 10:13:47 INFO  com.gameDev.dao.impl.GameDaoImpl - Game saved: New Game
2024-10-25 10:13:47 INFO  c.g.service.impl.GameServiceImpl - Finding game with ID: 1
2024-10-25 10:13:47 INFO  com.gameDev.dao.impl.GameDaoImpl - Retrieved game with ID: 1
2024-10-25 10:13:47 INFO  c.g.s.impl.TournamentServiceImpl - Fetched tournament with ID: 1
2024-10-25 10:13:47 INFO  c.g.s.impl.TournamentServiceImpl - Tournament updated: Tournament A
2024-10-25 10:13:47 INFO  c.g.s.impl.TournamentServiceImpl - Tournament created: Tournament A
2024-10-25 10:13:47 INFO  c.g.s.impl.TournamentServiceImpl - Tournament deleted with ID: 1
2024-10-25 10:13:47 INFO  c.g.service.impl.TeamServiceImpl - Fetching team with ID: 1
2024-10-25 10:13:47 INFO  c.g.service.impl.TeamServiceImpl - Fetching all teams
2024-10-25 10:13:47 INFO  c.g.service.impl.TeamServiceImpl - Updating team: Updated Team
2024-10-25 10:13:47 INFO  c.g.service.impl.TeamServiceImpl - Creating team: Team A
2024-10-25 10:13:47 INFO  c.g.service.impl.TeamServiceImpl - Assign new team with ID: 2 for the player with ID: 1
2024-10-25 10:13:47 INFO  c.g.service.impl.TeamServiceImpl - Deleting team with ID: 1
2024-10-25 10:13:47 INFO  o.h.jpa.internal.util.LogHelper - HHH000204: Processing PersistenceUnitInfo [name: TestGameDev]
2024-10-25 10:13:47 INFO  org.hibernate.dialect.Dialect - HHH000400: Using dialect: org.hibernate.dialect.H2Dialect
2024-10-25 10:13:47 INFO  o.h.e.t.j.p.i.JtaPlatformInitiator - HHH000490: Using JtaPlatform implementation: [org.hibernate.engine.transaction.jta.platform.internal.NoJtaPlatform]
2024-10-25 10:13:47 INFO  o.s.o.j.LocalContainerEntityManagerFactoryBean - Initialized JPA EntityManagerFactory for persistence unit 'TestGameDev'
2024-10-25 10:13:47 INFO  com.gameDev.dao.impl.PlayerDaoImpl - Using in-memory database for testing.
2024-10-25 10:13:47 INFO  c.g.service.impl.TeamServiceImpl - Creating team: Team B
2024-10-25 10:13:47 INFO  com.gameDev.dao.impl.TeamDaoImpl - Team saved: Team B
2024-10-25 10:13:47 INFO  com.gameDev.dao.impl.PlayerDaoImpl - Player saved: Alice
2024-10-25 10:13:47 INFO  com.gameDev.dao.impl.PlayerDaoImpl - Player saved: Bob
2024-10-25 10:13:47 INFO  com.gameDev.dao.impl.PlayerDaoImpl - Retrieved 2 players from the database
2024-10-25 10:13:47 INFO  o.h.jpa.internal.util.LogHelper - HHH000204: Processing PersistenceUnitInfo [name: TestGameDev]
2024-10-25 10:13:47 INFO  org.hibernate.dialect.Dialect - HHH000400: Using dialect: org.hibernate.dialect.H2Dialect
2024-10-25 10:13:48 INFO  o.h.e.t.j.p.i.JtaPlatformInitiator - HHH000490: Using JtaPlatform implementation: [org.hibernate.engine.transaction.jta.platform.internal.NoJtaPlatform]
2024-10-25 10:13:48 INFO  o.s.o.j.LocalContainerEntityManagerFactoryBean - Initialized JPA EntityManagerFactory for persistence unit 'TestGameDev'
2024-10-25 10:13:48 INFO  com.gameDev.dao.impl.PlayerDaoImpl - Using in-memory database for testing.
2024-10-25 10:13:48 INFO  c.g.service.impl.TeamServiceImpl - Creating team: Team D
2024-10-25 10:13:48 INFO  com.gameDev.dao.impl.TeamDaoImpl - Team saved: Team D
2024-10-25 10:13:48 INFO  com.gameDev.dao.impl.PlayerDaoImpl - Player saved: Dave
2024-10-25 10:13:48 INFO  com.gameDev.dao.impl.PlayerDaoImpl - Player deleted with ID: 1
2024-10-25 10:13:48 INFO  com.gameDev.dao.impl.PlayerDaoImpl - Retrieved player with ID: 1
2024-10-25 10:13:48 INFO  o.h.jpa.internal.util.LogHelper - HHH000204: Processing PersistenceUnitInfo [name: TestGameDev]
2024-10-25 10:13:48 INFO  org.hibernate.dialect.Dialect - HHH000400: Using dialect: org.hibernate.dialect.H2Dialect
2024-10-25 10:13:48 INFO  o.h.e.t.j.p.i.JtaPlatformInitiator - HHH000490: Using JtaPlatform implementation: [org.hibernate.engine.transaction.jta.platform.internal.NoJtaPlatform]
2024-10-25 10:13:48 INFO  o.s.o.j.LocalContainerEntityManagerFactoryBean - Initialized JPA EntityManagerFactory for persistence unit 'TestGameDev'
2024-10-25 10:13:48 INFO  com.gameDev.dao.impl.PlayerDaoImpl - Using in-memory database for testing.
2024-10-25 10:13:48 INFO  c.g.service.impl.TeamServiceImpl - Creating team: Team C
2024-10-25 10:13:48 INFO  com.gameDev.dao.impl.TeamDaoImpl - Team saved: Team C
2024-10-25 10:13:48 INFO  com.gameDev.dao.impl.PlayerDaoImpl - Player saved: Charlie
2024-10-25 10:13:48 INFO  com.gameDev.dao.impl.PlayerDaoImpl - Player updated: Updated Charlie
2024-10-25 10:13:48 INFO  com.gameDev.dao.impl.PlayerDaoImpl - Retrieved player with ID: 1
2024-10-25 10:13:48 INFO  o.h.jpa.internal.util.LogHelper - HHH000204: Processing PersistenceUnitInfo [name: TestGameDev]
2024-10-25 10:13:48 INFO  org.hibernate.dialect.Dialect - HHH000400: Using dialect: org.hibernate.dialect.H2Dialect
2024-10-25 10:13:48 INFO  o.h.e.t.j.p.i.JtaPlatformInitiator - HHH000490: Using JtaPlatform implementation: [org.hibernate.engine.transaction.jta.platform.internal.NoJtaPlatform]
2024-10-25 10:13:48 INFO  o.s.o.j.LocalContainerEntityManagerFactoryBean - Initialized JPA EntityManagerFactory for persistence unit 'TestGameDev'
2024-10-25 10:13:48 INFO  com.gameDev.dao.impl.PlayerDaoImpl - Using in-memory database for testing.
2024-10-25 10:13:48 INFO  c.g.service.impl.TeamServiceImpl - Creating team: Team A
2024-10-25 10:13:48 INFO  com.gameDev.dao.impl.TeamDaoImpl - Team saved: Team A
2024-10-25 10:13:48 INFO  com.gameDev.dao.impl.PlayerDaoImpl - Player saved: John
2024-10-25 10:13:48 INFO  com.gameDev.dao.impl.PlayerDaoImpl - Retrieved player with ID: 1
2024-10-25 10:13:48 INFO  c.g.service.impl.GameServiceImpl - Updating game: Updated Game
2024-10-25 10:13:48 INFO  c.g.service.impl.GameServiceImpl - Creating game: Game 1
2024-10-25 10:13:48 INFO  c.g.service.impl.GameServiceImpl - Deleting game with ID: 1
2024-10-25 10:13:48 INFO  c.g.service.impl.GameServiceImpl - Finding game with ID: 1
2024-10-25 10:13:48 INFO  c.g.service.impl.GameServiceImpl - Finding all games
2024-10-25 10:13:48 INFO  o.h.jpa.internal.util.LogHelper - HHH000204: Processing PersistenceUnitInfo [name: TestGameDev]
2024-10-25 10:13:48 INFO  org.hibernate.dialect.Dialect - HHH000400: Using dialect: org.hibernate.dialect.H2Dialect
2024-10-25 10:13:48 INFO  o.h.e.t.j.p.i.JtaPlatformInitiator - HHH000490: Using JtaPlatform implementation: [org.hibernate.engine.transaction.jta.platform.internal.NoJtaPlatform]
2024-10-25 10:13:48 INFO  o.s.o.j.LocalContainerEntityManagerFactoryBean - Initialized JPA EntityManagerFactory for persistence unit 'TestGameDev'
2024-10-25 10:13:48 INFO  c.g.service.impl.GameServiceImpl - Creating game: Game B
2024-10-25 10:13:48 INFO  com.gameDev.dao.impl.GameDaoImpl - Game saved: Game B
2024-10-25 10:13:48 INFO  c.gameDev.dao.impl.TournamentDaoImpl - Tournament saved: Tournament A
2024-10-25 10:13:48 INFO  c.g.s.impl.TournamentServiceImpl - Tournament created: Tournament A
2024-10-25 10:13:48 INFO  c.gameDev.dao.impl.TournamentDaoImpl - Tournament saved: Tournament A
2024-10-25 10:13:48 INFO  c.g.s.impl.TournamentServiceImpl - Tournament created: Tournament A
2024-10-25 10:13:48 INFO  c.gameDev.dao.impl.TournamentDaoImpl - Retrieved 2 tournaments from the database
2024-10-25 10:13:48 INFO  o.h.jpa.internal.util.LogHelper - HHH000204: Processing PersistenceUnitInfo [name: TestGameDev]
2024-10-25 10:13:48 INFO  org.hibernate.dialect.Dialect - HHH000400: Using dialect: org.hibernate.dialect.H2Dialect
2024-10-25 10:13:48 INFO  o.h.e.t.j.p.i.JtaPlatformInitiator - HHH000490: Using JtaPlatform implementation: [org.hibernate.engine.transaction.jta.platform.internal.NoJtaPlatform]
2024-10-25 10:13:48 INFO  o.s.o.j.LocalContainerEntityManagerFactoryBean - Initialized JPA EntityManagerFactory for persistence unit 'TestGameDev'
2024-10-25 10:13:48 INFO  c.g.service.impl.GameServiceImpl - Creating game: Game C
2024-10-25 10:13:48 INFO  com.gameDev.dao.impl.GameDaoImpl - Game saved: Game C
2024-10-25 10:13:48 INFO  c.gameDev.dao.impl.TournamentDaoImpl - Tournament saved: Tournament A
2024-10-25 10:13:48 INFO  c.g.s.impl.TournamentServiceImpl - Tournament created: Tournament A
2024-10-25 10:13:48 INFO  c.gameDev.dao.impl.TournamentDaoImpl - Tournament updated: Updated Tournament A
2024-10-25 10:13:48 INFO  c.g.s.impl.TournamentServiceImpl - Tournament updated: Updated Tournament A
2024-10-25 10:13:48 INFO  c.gameDev.dao.impl.TournamentDaoImpl - Retrieved tournament with ID: 1
2024-10-25 10:13:48 INFO  c.g.s.impl.TournamentServiceImpl - Fetched tournament with ID: 1
2024-10-25 10:13:48 INFO  o.h.jpa.internal.util.LogHelper - HHH000204: Processing PersistenceUnitInfo [name: TestGameDev]
2024-10-25 10:13:48 INFO  org.hibernate.dialect.Dialect - HHH000400: Using dialect: org.hibernate.dialect.H2Dialect
2024-10-25 10:13:48 INFO  o.h.e.t.j.p.i.JtaPlatformInitiator - HHH000490: Using JtaPlatform implementation: [org.hibernate.engine.transaction.jta.platform.internal.NoJtaPlatform]
2024-10-25 10:13:48 INFO  o.s.o.j.LocalContainerEntityManagerFactoryBean - Initialized JPA EntityManagerFactory for persistence unit 'TestGameDev'
2024-10-25 10:13:48 INFO  c.g.service.impl.GameServiceImpl - Creating game: Game A
2024-10-25 10:13:48 INFO  com.gameDev.dao.impl.GameDaoImpl - Game saved: Game A
2024-10-25 10:13:48 INFO  c.gameDev.dao.impl.TournamentDaoImpl - Tournament saved: Tournament A
2024-10-25 10:13:48 INFO  c.g.s.impl.TournamentServiceImpl - Tournament created: Tournament A
2024-10-25 10:13:48 INFO  c.gameDev.dao.impl.TournamentDaoImpl - Tournament updated: Tournament A
2024-10-25 10:13:48 INFO  c.g.s.impl.TournamentServiceImpl - Tournament updated: Tournament A
2024-10-25 10:13:48 INFO  c.gameDev.dao.impl.TournamentDaoImpl - Retrieved tournament with ID: 1
2024-10-25 10:13:48 INFO  c.g.s.impl.TournamentServiceImpl - Fetched tournament with ID: 1
2024-10-25 10:13:48 INFO  o.h.jpa.internal.util.LogHelper - HHH000204: Processing PersistenceUnitInfo [name: TestGameDev]
2024-10-25 10:13:48 INFO  org.hibernate.dialect.Dialect - HHH000400: Using dialect: org.hibernate.dialect.H2Dialect
2024-10-25 10:13:48 INFO  o.h.e.t.j.p.i.JtaPlatformInitiator - HHH000490: Using JtaPlatform implementation: [org.hibernate.engine.transaction.jta.platform.internal.NoJtaPlatform]
2024-10-25 10:13:48 INFO  o.s.o.j.LocalContainerEntityManagerFactoryBean - Initialized JPA EntityManagerFactory for persistence unit 'TestGameDev'
2024-10-25 10:13:48 INFO  c.g.service.impl.GameServiceImpl - Creating game: Game D
2024-10-25 10:13:48 INFO  com.gameDev.dao.impl.GameDaoImpl - Game saved: Game D
2024-10-25 10:13:48 INFO  c.gameDev.dao.impl.TournamentDaoImpl - Tournament saved: Tournament A
2024-10-25 10:13:48 INFO  c.g.s.impl.TournamentServiceImpl - Tournament created: Tournament A
2024-10-25 10:13:48 INFO  c.gameDev.dao.impl.TournamentDaoImpl - Tournament deleted with ID: 1
2024-10-25 10:13:48 INFO  c.g.s.impl.TournamentServiceImpl - Tournament deleted with ID: 1
2024-10-25 10:13:48 INFO  c.gameDev.dao.impl.TournamentDaoImpl - Retrieved tournament with ID: 1
2024-10-25 10:13:48 INFO  c.g.s.impl.TournamentServiceImpl - Fetched tournament with ID: 1
2024-10-25 10:13:57 INFO  o.h.jpa.internal.util.LogHelper - HHH000204: Processing PersistenceUnitInfo [name: GameDev]
2024-10-25 10:13:57 INFO  org.hibernate.Version - HHH000412: Hibernate ORM core version 5.6.1.Final
2024-10-25 10:13:57 INFO  o.h.annotations.common.Version - HCANN000001: Hibernate Commons Annotations {5.1.2.Final}
2024-10-25 10:13:58 INFO  org.hibernate.dialect.Dialect - HHH000400: Using dialect: org.hibernate.dialect.H2Dialect
2024-10-25 10:13:58 INFO  o.h.validator.internal.util.Version - HV000001: Hibernate Validator 6.2.0.Final
2024-10-25 10:13:59 INFO  o.h.e.t.j.p.i.JtaPlatformInitiator - HHH000490: Using JtaPlatform implementation: [org.hibernate.engine.transaction.jta.platform.internal.NoJtaPlatform]
2024-10-25 10:13:59 INFO  o.s.o.j.LocalContainerEntityManagerFactoryBean - Initialized JPA EntityManagerFactory for persistence unit 'GameDev'
2024-10-25 10:15:02 INFO  c.g.service.impl.TeamServiceImpl - Fetching all teams
2024-10-25 10:15:02 INFO  o.h.jpa.internal.util.LogHelper - HHH000204: Processing PersistenceUnitInfo [name: GameDev]
2024-10-25 10:15:02 WARN  o.hibernate.orm.connections.pooling - HHH10001002: Using Hibernate built-in connection pool (not for production use!)
2024-10-25 10:15:02 INFO  o.hibernate.orm.connections.pooling - HHH10001005: using driver [org.h2.Driver] at URL [jdbc:h2:./gameDevdb;AUTO_SERVER=TRUE]
2024-10-25 10:15:02 INFO  o.hibernate.orm.connections.pooling - HHH10001001: Connection properties: {user=sa, password=****}
2024-10-25 10:15:02 INFO  o.hibernate.orm.connections.pooling - HHH10001003: Autocommit mode: false
2024-10-25 10:15:02 INFO  o.h.e.j.c.i.DriverManagerConnectionProviderImpl - HHH000115: Hibernate connection pool size: 20 (min=1)
2024-10-25 10:15:02 INFO  org.hibernate.dialect.Dialect - HHH000400: Using dialect: org.hibernate.dialect.H2Dialect
2024-10-25 10:15:02 INFO  o.hibernate.orm.connections.access - HHH10001501: Connection obtained from JdbcConnectionAccess [org.hibernate.engine.jdbc.env.internal.JdbcEnvironmentInitiator$ConnectionProviderJdbcConnectionAccess@1caa9eb6] for (non-JTA) DDL execution was not in auto-commit mode; the Connection 'local transaction' will be committed and the Connection will be set into auto-commit mode.
2024-10-25 10:15:02 INFO  o.h.e.t.j.p.i.JtaPlatformInitiator - HHH000490: Using JtaPlatform implementation: [org.hibernate.engine.transaction.jta.platform.internal.NoJtaPlatform]
2024-10-25 10:15:02 INFO  com.gameDev.dao.impl.TeamDaoImpl - Retrieved 5 teams from the database
2024-10-25 10:15:14 INFO  com.gameDev.dao.impl.PlayerDaoImpl - Player saved: ldfo
2024-10-25 10:15:14 INFO  com.gameDev.consoleUI.PlayerUI - Created new player: Player{id=11, name='ldfo', age='1'}
2024-10-25 10:15:35 INFO  c.g.service.impl.TeamServiceImpl - Fetching all teams
2024-10-25 10:15:35 INFO  com.gameDev.dao.impl.TeamDaoImpl - Retrieved 5 teams from the database
2024-10-25 10:15:38 INFO  com.gameDev.dao.impl.PlayerDaoImpl - Player saved: john
2024-10-25 10:15:38 INFO  com.gameDev.consoleUI.PlayerUI - Created new player: Player{id=12, name='john', age='20'}
2024-10-25 10:15:59 INFO  com.gameDev.dao.impl.PlayerDaoImpl - Retrieved player with ID: 1
2024-10-25 10:16:04 INFO  com.gameDev.dao.impl.PlayerDaoImpl - Retrieved player with ID: 8
2024-10-25 10:16:44 INFO  com.gameDev.dao.impl.PlayerDaoImpl - Retrieved 10 players from the database
2024-10-25 10:17:02 INFO  com.gameDev.dao.impl.PlayerDaoImpl - Retrieved player with ID: 8
2024-10-25 10:17:19 INFO  c.g.service.impl.TeamServiceImpl - Fetching team with ID: 5
2024-10-25 10:17:19 INFO  com.gameDev.dao.impl.TeamDaoImpl - Retrieved team with ID: 5
2024-10-25 10:17:37 INFO  com.gameDev.dao.impl.PlayerDaoImpl - Retrieved player with ID: 12
2024-10-25 10:17:47 INFO  c.g.service.impl.TeamServiceImpl - Fetching team with ID: 8
2024-10-25 10:17:47 INFO  com.gameDev.dao.impl.TeamDaoImpl - Retrieved team with ID: 8
2024-10-25 10:17:47 INFO  com.gameDev.dao.impl.PlayerDaoImpl - Player updated: john doe
2024-10-25 10:17:47 INFO  com.gameDev.consoleUI.PlayerUI - Updated player: Player{id=12, name='john doe', age='18'}
2024-10-25 10:17:51 INFO  com.gameDev.dao.impl.PlayerDaoImpl - Retrieved 10 players from the database
2024-10-25 10:18:00 INFO  com.gameDev.dao.impl.PlayerDaoImpl - Player deleted with ID: 9
2024-10-25 10:18:00 INFO  com.gameDev.consoleUI.PlayerUI - Deleted player with ID: 9
2024-10-25 10:18:41 INFO  com.gameDev.dao.impl.PlayerDaoImpl - Retrieved 9 players from the database
2024-10-25 10:19:13 INFO  c.g.service.impl.GameServiceImpl - Creating game: angel
2024-10-25 10:19:13 INFO  com.gameDev.dao.impl.GameDaoImpl - Game saved: angel
2024-10-25 10:19:13 INFO  com.gameDev.consoleUI.GameUI - Created new game: Game{id=83, name='angel', difficulty='20.0', matchAvgDuration=10.0}
2024-10-25 10:19:39 INFO  c.g.service.impl.GameServiceImpl - Finding game with ID: 5
2024-10-25 10:19:39 INFO  com.gameDev.dao.impl.GameDaoImpl - Retrieved game with ID: 5
2024-10-25 10:19:43 INFO  c.g.service.impl.GameServiceImpl - Finding all games
2024-10-25 10:19:43 INFO  com.gameDev.dao.impl.GameDaoImpl - Retrieved 16 games from the database
2024-10-25 10:20:08 INFO  c.g.service.impl.GameServiceImpl - Finding game with ID: 74
2024-10-25 10:20:08 INFO  com.gameDev.dao.impl.GameDaoImpl - Retrieved game with ID: 74
2024-10-25 10:20:31 INFO  c.g.service.impl.GameServiceImpl - Updating game: Game A
2024-10-25 10:20:31 WARN  o.h.e.jdbc.spi.SqlExceptionHelper - SQL Error: 23505, SQLState: 23505
2024-10-25 10:20:31 ERROR o.h.e.jdbc.spi.SqlExceptionHelper - Unique index or primary key violation: "PUBLIC.UK_DP39YY9J9CN10V9VHYR2J1UAA_INDEX_4 ON PUBLIC.GAMES(NAME) VALUES 77"; SQL statement:
update games set difficulty=?, match_avg_duration=?, name=? where id=? [23505-200]
2024-10-25 10:20:31 INFO  o.h.e.j.b.internal.AbstractBatchImpl - HHH000010: On release of batch it still contained JDBC statements
2024-10-25 10:56:09 INFO  o.h.jpa.internal.util.LogHelper - HHH000204: Processing PersistenceUnitInfo [name: GameDev]
2024-10-25 10:56:10 INFO  org.hibernate.Version - HHH000412: Hibernate ORM core version 5.6.1.Final
2024-10-25 10:56:10 INFO  o.h.annotations.common.Version - HCANN000001: Hibernate Commons Annotations {5.1.2.Final}
2024-10-25 10:56:11 INFO  org.hibernate.dialect.Dialect - HHH000400: Using dialect: org.hibernate.dialect.H2Dialect
2024-10-25 10:56:11 INFO  o.h.validator.internal.util.Version - HV000001: Hibernate Validator 6.2.0.Final
2024-10-25 10:56:12 INFO  o.h.e.t.j.p.i.JtaPlatformInitiator - HHH000490: Using JtaPlatform implementation: [org.hibernate.engine.transaction.jta.platform.internal.NoJtaPlatform]
2024-10-25 10:56:12 INFO  o.s.o.j.LocalContainerEntityManagerFactoryBean - Initialized JPA EntityManagerFactory for persistence unit 'GameDev'
2024-10-25 10:56:20 INFO  o.h.jpa.internal.util.LogHelper - HHH000204: Processing PersistenceUnitInfo [name: GameDev]
2024-10-25 10:56:20 WARN  o.hibernate.orm.connections.pooling - HHH10001002: Using Hibernate built-in connection pool (not for production use!)
2024-10-25 10:56:20 INFO  o.hibernate.orm.connections.pooling - HHH10001005: using driver [org.h2.Driver] at URL [jdbc:h2:./gameDevdb;AUTO_SERVER=TRUE]
2024-10-25 10:56:20 INFO  o.hibernate.orm.connections.pooling - HHH10001001: Connection properties: {user=sa, password=****}
2024-10-25 10:56:20 INFO  o.hibernate.orm.connections.pooling - HHH10001003: Autocommit mode: false
2024-10-25 10:56:20 INFO  o.h.e.j.c.i.DriverManagerConnectionProviderImpl - HHH000115: Hibernate connection pool size: 20 (min=1)
2024-10-25 10:56:20 INFO  org.hibernate.dialect.Dialect - HHH000400: Using dialect: org.hibernate.dialect.H2Dialect
2024-10-25 10:56:20 INFO  o.hibernate.orm.connections.access - HHH10001501: Connection obtained from JdbcConnectionAccess [org.hibernate.engine.jdbc.env.internal.JdbcEnvironmentInitiator$ConnectionProviderJdbcConnectionAccess@2fcd7d3f] for (non-JTA) DDL execution was not in auto-commit mode; the Connection 'local transaction' will be committed and the Connection will be set into auto-commit mode.
2024-10-25 10:56:20 INFO  o.h.e.t.j.p.i.JtaPlatformInitiator - HHH000490: Using JtaPlatform implementation: [org.hibernate.engine.transaction.jta.platform.internal.NoJtaPlatform]
2024-10-25 10:56:21 INFO  com.gameDev.dao.impl.PlayerDaoImpl - Retrieved 9 players from the database
2024-10-25 10:56:30 INFO  com.gameDev.dao.impl.PlayerDaoImpl - Retrieved 9 players from the database
2024-10-25 11:10:32 INFO  c.g.service.impl.TeamServiceImpl - Fetching all teams
2024-10-25 11:10:32 INFO  com.gameDev.dao.impl.TeamDaoImpl - Retrieved 5 teams from the database
2024-10-25 11:10:34 INFO  com.gameDev.dao.impl.PlayerDaoImpl - Player saved: jj
2024-10-25 11:10:34 INFO  com.gameDev.consoleUI.PlayerUI - Created new player: Player{id=13, name='jj', age='20'}
2024-10-25 11:10:37 INFO  com.gameDev.dao.impl.PlayerDaoImpl - Retrieved 10 players from the database
2024-10-25 11:10:42 INFO  com.gameDev.dao.impl.PlayerDaoImpl - Retrieved 10 players from the database
2024-10-25 11:10:44 INFO  c.g.service.impl.TeamServiceImpl - Fetching all teams
2024-10-25 11:10:44 INFO  com.gameDev.dao.impl.TeamDaoImpl - Retrieved 5 teams from the database
2024-10-25 11:10:47 INFO  com.gameDev.dao.impl.PlayerDaoImpl - Player saved: fff
2024-10-25 11:10:47 INFO  com.gameDev.consoleUI.PlayerUI - Created new player: Player{id=14, name='fff', age='2222'}
2024-10-25 11:16:59 INFO  o.h.jpa.internal.util.LogHelper - HHH000204: Processing PersistenceUnitInfo [name: GameDev]
2024-10-25 11:16:59 INFO  org.hibernate.Version - HHH000412: Hibernate ORM core version 5.6.1.Final
2024-10-25 11:17:00 INFO  o.h.annotations.common.Version - HCANN000001: Hibernate Commons Annotations {5.1.2.Final}
2024-10-25 11:17:04 INFO  org.hibernate.dialect.Dialect - HHH000400: Using dialect: org.hibernate.dialect.H2Dialect
2024-10-25 11:17:05 INFO  o.h.validator.internal.util.Version - HV000001: Hibernate Validator 6.2.0.Final
2024-10-25 11:17:05 INFO  o.h.e.t.j.p.i.JtaPlatformInitiator - HHH000490: Using JtaPlatform implementation: [org.hibernate.engine.transaction.jta.platform.internal.NoJtaPlatform]
2024-10-25 11:17:05 INFO  o.s.o.j.LocalContainerEntityManagerFactoryBean - Initialized JPA EntityManagerFactory for persistence unit 'GameDev'
2024-10-25 11:17:13 INFO  c.g.service.impl.GameServiceImpl - Finding game with ID: 5
2024-10-25 11:17:13 INFO  o.h.jpa.internal.util.LogHelper - HHH000204: Processing PersistenceUnitInfo [name: GameDev]
2024-10-25 11:17:13 WARN  o.hibernate.orm.connections.pooling - HHH10001002: Using Hibernate built-in connection pool (not for production use!)
2024-10-25 11:17:13 INFO  o.hibernate.orm.connections.pooling - HHH10001005: using driver [org.h2.Driver] at URL [jdbc:h2:./gameDevdb;AUTO_SERVER=TRUE]
2024-10-25 11:17:13 INFO  o.hibernate.orm.connections.pooling - HHH10001001: Connection properties: {user=sa, password=****}
2024-10-25 11:17:13 INFO  o.hibernate.orm.connections.pooling - HHH10001003: Autocommit mode: false
2024-10-25 11:17:13 INFO  o.h.e.j.c.i.DriverManagerConnectionProviderImpl - HHH000115: Hibernate connection pool size: 20 (min=1)
2024-10-25 11:17:17 INFO  org.hibernate.dialect.Dialect - HHH000400: Using dialect: org.hibernate.dialect.H2Dialect
2024-10-25 11:17:17 INFO  o.hibernate.orm.connections.access - HHH10001501: Connection obtained from JdbcConnectionAccess [org.hibernate.engine.jdbc.env.internal.JdbcEnvironmentInitiator$ConnectionProviderJdbcConnectionAccess@2fcd7d3f] for (non-JTA) DDL execution was not in auto-commit mode; the Connection 'local transaction' will be committed and the Connection will be set into auto-commit mode.
2024-10-25 11:17:17 INFO  o.h.e.t.j.p.i.JtaPlatformInitiator - HHH000490: Using JtaPlatform implementation: [org.hibernate.engine.transaction.jta.platform.internal.NoJtaPlatform]
2024-10-25 11:17:17 INFO  com.gameDev.dao.impl.GameDaoImpl - Retrieved game with ID: 5
2024-10-25 11:17:17 INFO  c.g.service.impl.GameServiceImpl - Finding all games
2024-10-25 11:17:17 INFO  com.gameDev.dao.impl.GameDaoImpl - Retrieved 16 games from the database
2024-10-25 11:17:32 INFO  c.g.service.impl.GameServiceImpl - Updating game: free fire
2024-10-25 11:17:32 INFO  com.gameDev.dao.impl.GameDaoImpl - Game updated: free fire
2024-10-25 11:17:32 INFO  com.gameDev.consoleUI.GameUI - Updated game: Game{id=5, name='free fire', difficulty='20.0', matchAvgDuration=15.0}
2024-10-25 11:17:39 INFO  c.g.service.impl.GameServiceImpl - Deleting game with ID: 5
2024-10-25 11:17:39 INFO  com.gameDev.dao.impl.GameDaoImpl - Game deleted with ID: 5
2024-10-25 11:17:39 INFO  com.gameDev.consoleUI.GameUI - Deleted game with ID: 5
2024-10-25 11:22:41 INFO  c.g.service.impl.TeamServiceImpl - Assign new team with ID: 4 for the player with ID: 5
2024-10-25 11:22:41 ERROR com.gameDev.dao.impl.TeamDaoImpl - Transaction rolled back for changing player team with ID: 5
java.lang.NullPointerException: null
	at com.gameDev.dao.impl.TeamDaoImpl.changePlayerTeam(TeamDaoImpl.java:120)
	at com.gameDev.service.impl.TeamServiceImpl.changePlayerTeam(TeamServiceImpl.java:54)
	at com.gameDev.consoleUI.TeamUI.changePlayerTeam(TeamUI.java:144)
	at com.gameDev.consoleUI.TeamUI.start(TeamUI.java:45)
	at com.gameDev.consoleUI.ConsoleUI.start(ConsoleUI.java:43)
	at com.gameDev.Main.main(Main.java:11)
2024-10-25 11:29:09 INFO  o.h.jpa.internal.util.LogHelper - HHH000204: Processing PersistenceUnitInfo [name: GameDev]
2024-10-25 11:29:09 INFO  org.hibernate.Version - HHH000412: Hibernate ORM core version 5.6.1.Final
2024-10-25 11:29:09 INFO  o.h.annotations.common.Version - HCANN000001: Hibernate Commons Annotations {5.1.2.Final}
2024-10-25 11:29:10 INFO  org.hibernate.dialect.Dialect - HHH000400: Using dialect: org.hibernate.dialect.H2Dialect
2024-10-25 11:29:10 INFO  o.h.validator.internal.util.Version - HV000001: Hibernate Validator 6.2.0.Final
2024-10-25 11:29:11 INFO  o.h.e.t.j.p.i.JtaPlatformInitiator - HHH000490: Using JtaPlatform implementation: [org.hibernate.engine.transaction.jta.platform.internal.NoJtaPlatform]
2024-10-25 11:29:11 INFO  o.s.o.j.LocalContainerEntityManagerFactoryBean - Initialized JPA EntityManagerFactory for persistence unit 'GameDev'
2024-10-25 11:29:18 INFO  o.h.jpa.internal.util.LogHelper - HHH000204: Processing PersistenceUnitInfo [name: GameDev]
2024-10-25 11:29:18 WARN  o.hibernate.orm.connections.pooling - HHH10001002: Using Hibernate built-in connection pool (not for production use!)
2024-10-25 11:29:18 INFO  o.hibernate.orm.connections.pooling - HHH10001005: using driver [org.h2.Driver] at URL [jdbc:h2:./gameDevdb;AUTO_SERVER=TRUE]
2024-10-25 11:29:18 INFO  o.hibernate.orm.connections.pooling - HHH10001001: Connection properties: {user=sa, password=****}
2024-10-25 11:29:18 INFO  o.hibernate.orm.connections.pooling - HHH10001003: Autocommit mode: false
2024-10-25 11:29:18 INFO  o.h.e.j.c.i.DriverManagerConnectionProviderImpl - HHH000115: Hibernate connection pool size: 20 (min=1)
2024-10-25 11:29:18 INFO  org.hibernate.dialect.Dialect - HHH000400: Using dialect: org.hibernate.dialect.H2Dialect
2024-10-25 11:29:19 INFO  o.hibernate.orm.connections.access - HHH10001501: Connection obtained from JdbcConnectionAccess [org.hibernate.engine.jdbc.env.internal.JdbcEnvironmentInitiator$ConnectionProviderJdbcConnectionAccess@2fcd7d3f] for (non-JTA) DDL execution was not in auto-commit mode; the Connection 'local transaction' will be committed and the Connection will be set into auto-commit mode.
2024-10-25 11:29:19 INFO  o.h.e.t.j.p.i.JtaPlatformInitiator - HHH000490: Using JtaPlatform implementation: [org.hibernate.engine.transaction.jta.platform.internal.NoJtaPlatform]
2024-10-25 11:29:19 INFO  com.gameDev.dao.impl.PlayerDaoImpl - Retrieved player with ID: 8
2024-10-25 11:29:19 INFO  c.g.service.impl.TeamServiceImpl - Fetching team with ID: 44
2024-10-25 11:29:19 INFO  com.gameDev.dao.impl.TeamDaoImpl - Retrieved team with ID: 44
2024-10-25 11:29:29 INFO  com.gameDev.dao.impl.PlayerDaoImpl - Retrieved player with ID: 44
2024-10-25 11:29:39 INFO  com.gameDev.dao.impl.PlayerDaoImpl - Retrieved player with ID: 8
2024-10-25 11:29:39 INFO  c.g.service.impl.TeamServiceImpl - Fetching team with ID: 8
2024-10-25 11:29:39 INFO  com.gameDev.dao.impl.TeamDaoImpl - Retrieved team with ID: 8
2024-10-25 11:29:39 INFO  c.g.service.impl.TeamServiceImpl - Assign new team with ID: 8 for the player with ID: 8
2024-10-25 11:29:39 INFO  com.gameDev.dao.impl.TeamDaoImpl - Player with ID: 8 reassigned to team: 8
2024-10-25 11:29:39 INFO  com.gameDev.consoleUI.TeamUI - Changed player ID 8 to team ID 8
2024-10-25 11:30:01 INFO  c.gameDev.dao.impl.TournamentDaoImpl - Retrieved tournament with ID: 4
2024-10-25 11:30:01 INFO  c.g.s.impl.TournamentServiceImpl - Fetched tournament with ID: 4
2024-10-25 11:30:01 INFO  c.g.service.impl.TeamServiceImpl - Fetching team with ID: 8
2024-10-25 11:30:01 INFO  com.gameDev.dao.impl.TeamDaoImpl - Retrieved team with ID: 8
2024-10-25 11:30:01 INFO  c.gameDev.dao.impl.TournamentDaoImpl - Team with ID 8 assigned to tournament with ID 4
2024-10-25 11:30:09 INFO  c.gameDev.dao.impl.TournamentDaoImpl - Retrieved tournament with ID: 4
2024-10-25 11:30:09 INFO  c.g.s.impl.TournamentServiceImpl - Fetched tournament with ID: 4
